<?xml version="1.0" encoding="UTF-8"?>
<!-- Generated by org.testng.reporters.JUnitXMLReporter -->
<testsuite ignored="0" hostname="IN04779" failures="0" tests="4" name="Surefire test" time="0.106" errors="0" timestamp="2023-01-12T19:29:04 IST">
  <testcase classname="com.test.myAppTest.App1Test" name="negativeLoginCredential" time="0.024"/>
  <testcase classname="com.test.myAppTest.App1Test" name="positiveLoginCredential" time="0.002"/>
  <testcase classname="com.test.myAppTest.App2Test" name="correctSkuVerify" time="0.003"/>
  <testcase classname="com.test.myAppTest.App3Test" name="m3" time="0.001"/>
</testsuite> <!-- Surefire test -->
