<?xml version="1.0" encoding="UTF-8"?>
<testng-results ignored="0" total="4" passed="4" failed="0" skipped="0">
  <reporter-output>
  </reporter-output>
  <suite started-at="2023-01-12T19:29:04 IST" name="Surefire suite" finished-at="2023-01-12T19:29:04 IST" duration-ms="106">
    <groups>
    </groups>
    <test started-at="2023-01-12T19:29:04 IST" name="Surefire test" finished-at="2023-01-12T19:29:04 IST" duration-ms="106">
      <class name="com.test.myAppTest.App3Test">
        <test-method signature="m3()[pri:0, instance:com.test.myAppTest.App3Test@117e949d]" started-at="2023-01-12T19:29:04 IST" name="m3" finished-at="2023-01-12T19:29:04 IST" duration-ms="1" status="PASS">
          <reporter-output>
          </reporter-output>
        </test-method> <!-- m3 -->
      </class> <!-- com.test.myAppTest.App3Test -->
      <class name="com.test.myAppTest.App2Test">
        <test-method signature="correctSkuVerify()[pri:0, instance:com.test.myAppTest.App2Test@10d68fcd]" started-at="2023-01-12T19:29:04 IST" name="correctSkuVerify" finished-at="2023-01-12T19:29:04 IST" duration-ms="3" status="PASS">
          <reporter-output>
          </reporter-output>
        </test-method> <!-- correctSkuVerify -->
      </class> <!-- com.test.myAppTest.App2Test -->
      <class name="com.test.myAppTest.App1Test">
        <test-method signature="negativeLoginCredential()[pri:0, instance:com.test.myAppTest.App1Test@37271612]" started-at="2023-01-12T19:29:04 IST" name="negativeLoginCredential" finished-at="2023-01-12T19:29:04 IST" duration-ms="24" status="PASS">
          <reporter-output>
          </reporter-output>
        </test-method> <!-- negativeLoginCredential -->
        <test-method signature="positiveLoginCredential()[pri:0, instance:com.test.myAppTest.App1Test@37271612]" started-at="2023-01-12T19:29:04 IST" name="positiveLoginCredential" finished-at="2023-01-12T19:29:04 IST" duration-ms="2" status="PASS">
          <reporter-output>
          </reporter-output>
        </test-method> <!-- positiveLoginCredential -->
      </class> <!-- com.test.myAppTest.App1Test -->
    </test> <!-- Surefire test -->
  </suite> <!-- Surefire suite -->
</testng-results>
