<?xml version="1.0" encoding="UTF-8"?>
<testsuite xmlns:xsi="http://www.w3.org/2001/XMLSchema-instance" xsi:noNamespaceSchemaLocation="https://maven.apache.org/surefire/maven-surefire-plugin/xsd/surefire-test-report-3.0.xsd" version="3.0" name="TestSuite" time="1.093" tests="4" errors="0" skipped="0" failures="0">
  <properties>
[...]
</properties>
  <testcase name="negativeLoginCredential" classname="com.test.myAppTest.App1Test" time="0.029">
    <system-out><![CDATA[nikhil1----password1
]]></system-out>
    <system-err><![CDATA[SLF4J: Failed to load class "org.slf4j.impl.StaticLoggerBinder".
SLF4J: Defaulting to no-operation (NOP) logger implementation
SLF4J: See http://www.slf4j.org/codes.html#StaticLoggerBinder for further details.
]]></system-err>
  </testcase>
  <testcase name="positiveLoginCredential" classname="com.test.myAppTest.App1Test" time="0.001">
    <system-out><![CDATA[nikhil1----password1
]]></system-out>
  </testcase>
  <testcase name="correctSkuVerify" classname="com.test.myAppTest.App2Test" time="0.004">
    <system-out><![CDATA[400100
0
400100
]]></system-out>
  </testcase>
  <testcase name="m3" classname="com.test.myAppTest.App3Test" time="0.003">
    <system-out><![CDATA[7
]]></system-out>
  </testcase>
</testsuite>