<?xml version="1.0" encoding="UTF-8"?>
<testng-results ignored="0" total="1" passed="1" failed="0" skipped="0">
  <reporter-output>
  </reporter-output>
  <suite started-at="2023-01-10T21:00:52 IST" name="Suite" finished-at="2023-01-10T21:00:52 IST" duration-ms="46">
    <groups>
    </groups>
    <test started-at="2023-01-10T21:00:52 IST" name="Test" finished-at="2023-01-10T21:00:52 IST" duration-ms="46">
      <class name="com.test.myAppTest.App3Test">
        <test-method signature="m3()[pri:0, instance:com.test.myAppTest.App3Test@419c5f1a]" started-at="2023-01-10T21:00:52 IST" name="m3" finished-at="2023-01-10T21:00:52 IST" duration-ms="12" status="PASS">
          <reporter-output>
          </reporter-output>
        </test-method> <!-- m3 -->
      </class> <!-- com.test.myAppTest.App3Test -->
    </test> <!-- Test -->
  </suite> <!-- Suite -->
</testng-results>
